<?xml version="1.0" encoding="UTF-8"?>
<testng-results skipped="0" failed="0" ignored="0" total="1" passed="1">
  <reporter-output>
  </reporter-output>
  <suite name="Default suite" duration-ms="1444" started-at="2021-09-27T10:55:07Z" finished-at="2021-09-27T10:55:09Z">
    <groups>
    </groups>
    <test name="Default test" duration-ms="1444" started-at="2021-09-27T10:55:07Z" finished-at="2021-09-27T10:55:09Z">
      <class name="Practice.ExecuteUpdate">
        <test-method status="PASS" signature="executequery()[pri:0, instance:Practice.ExecuteUpdate@1fdc050]" name="executequery" duration-ms="1275" started-at="2021-09-27T10:55:07Z" finished-at="2021-09-27T10:55:09Z">
          <reporter-output>
          </reporter-output>
        </test-method> <!-- executequery -->
      </class> <!-- Practice.ExecuteUpdate -->
    </test> <!-- Default test -->
  </suite> <!-- Default suite -->
</testng-results>
